<?xml version="1.0" encoding="UTF-8"?>
<testsuite name="Academy Choucair" tests="1" skipped="0" failures="1" errors="0" timestamp="2021-06-05T01:39:24" hostname="LENOVOSLAG" time="20.695">
  <properties/>
  <testcase name="Search for a automation course" classname="Academy Choucair" time="20.695">
    <failure message="java.lang.AssertionError: Expected answer&#10;Expected: is &lt;true&gt;&#10;     but: was &lt;false&gt;" type="java.lang.AssertionError">java.lang.AssertionError: Expected answer
Expected: is &lt;true&gt;
     but: was &lt;false&gt;
	at net.serenitybdd.screenplay.ErrorTally.throwSummaryExceptionFrom(ErrorTally.java:36)
	at net.serenitybdd.screenplay.ErrorTally.reportAnyErrors(ErrorTally.java:30)
	at net.serenitybdd.screenplay.Actor.should(Actor.java:301)
	at co.com.choucair.certification.test1.stepdefinitions.ChoucairAcademyStepDefinitions.heFindsTheCourseCalledResourcesRecursosAutomatizacionBancolombia(ChoucairAcademyStepDefinitions.java:31)
	at ✽.he finds the course called resources Recursos Automatizacion Bancolombia(src/test/resources/features/academyChoucair.feature:9)
</failure>
  </testcase>
  <system-out><![CDATA[]]></system-out>
  <system-err><![CDATA[[Test worker] WARN net.thucydides.core.steps.BaseStepListener - stepStarted: net.thucydides.core.steps.ExecutedStepDescription@4b81218d
[Test worker] WARN net.thucydides.core.steps.BaseStepListener - stepStarted: net.thucydides.core.steps.ExecutedStepDescription@3eeef810
[Test worker] WARN net.thucydides.core.steps.BaseStepListener - stepStarted: net.thucydides.core.steps.ExecutedStepDescription@1a1dab1d
Jun 04, 2021 8:39:25 PM org.openqa.selenium.remote.DesiredCapabilities chrome
INFO: Using `new ChromeOptions()` is preferred to `DesiredCapabilities.chrome()`
[Test worker] INFO net.serenitybdd.core.webdriver.driverproviders.ProvideNewDriver - Instantiating driver
[Test worker] INFO net.serenitybdd.core.webdriver.driverproviders.ProvideNewDriver - Driver capabilities: Capabilities {acceptInsecureCerts: false, browserName: chrome, chrome.switches: --start-maximized, goog:chromeOptions: {args: [--start-maximized], extensions: []}, loggingPrefs: org.openqa.selenium.logging..., platform: ANY, version: }
Starting ChromeDriver 91.0.4472.19 (1bf021f248676a0b2ab3ee0561d83a59e424c23e-refs/branch-heads/4472@{#288}) on port 38134
Only local connections are allowed.
Please see https://chromedriver.chromium.org/security-considerations for suggestions on keeping ChromeDriver safe.
ChromeDriver was started successfully.
Jun 04, 2021 8:39:27 PM org.openqa.selenium.remote.ProtocolHandshake createSession
INFO: Detected dialect: W3C
[Test worker] WARN net.thucydides.core.steps.BaseStepListener - stepFinished: current outcome:Search for a automation course:Given that Antonio wants to learn automation at the academy Choucair [Antonio open up [Antonio opens the Choucair academy page]]
[Test worker] WARN net.thucydides.core.steps.BaseStepListener - stepFinished: current outcome:Search for a automation course:Given that Antonio wants to learn automation at the academy Choucair [Antonio open up [Antonio opens the Choucair academy page]]
[Test worker] WARN net.thucydides.core.steps.BaseStepListener - stepStarted: net.thucydides.core.steps.ExecutedStepDescription@2f974f3
[Test worker] WARN net.thucydides.core.steps.BaseStepListener - stepStarted: net.thucydides.core.steps.ExecutedStepDescription@2021f472
[Test worker] WARN net.thucydides.core.steps.BaseStepListener - stepFinished: current outcome:Search for a automation course:Given that Antonio wants to learn automation at the academy Choucair [Antonio open up [Antonio opens the Choucair academy page], Antonio login [Antonio clicks on button that shows the form to login]]
[Test worker] WARN net.thucydides.core.steps.BaseStepListener - stepStarted: net.thucydides.core.steps.ExecutedStepDescription@11eaa3e3
[Test worker] WARN net.thucydides.core.steps.BaseStepListener - stepFinished: current outcome:Search for a automation course:Given that Antonio wants to learn automation at the academy Choucair [Antonio open up [Antonio opens the Choucair academy page], Antonio login [Antonio clicks on button that shows the form to login, Antonio enters '1214714327' into where do write the user]]
[Test worker] WARN net.thucydides.core.steps.BaseStepListener - stepStarted: net.thucydides.core.steps.ExecutedStepDescription@40d321e6
[Test worker] WARN net.thucydides.core.steps.BaseStepListener - stepFinished: current outcome:Search for a automation course:Given that Antonio wants to learn automation at the academy Choucair [Antonio open up [Antonio opens the Choucair academy page], Antonio login [Antonio clicks on button that shows the form to login, Antonio enters '1214714327' into where do write the user, Antonio enters 'Choucair2021*' into where do write the password]]
[Test worker] WARN net.thucydides.core.steps.BaseStepListener - stepStarted: net.thucydides.core.steps.ExecutedStepDescription@fd07d0f
[Test worker] WARN net.thucydides.core.steps.BaseStepListener - stepFinished: current outcome:Search for a automation course:Given that Antonio wants to learn automation at the academy Choucair [Antonio open up [Antonio opens the Choucair academy page], Antonio login [Antonio clicks on button that shows the form to login, Antonio enters '1214714327' into where do write the user, Antonio enters 'Choucair2021*' into where do write the password, Antonio clicks on button to confirm login]]
[Test worker] WARN net.thucydides.core.steps.BaseStepListener - stepFinished: current outcome:Search for a automation course:Given that Antonio wants to learn automation at the academy Choucair [Antonio open up [Antonio opens the Choucair academy page], Antonio login [Antonio clicks on button that shows the form to login, Antonio enters '1214714327' into where do write the user, Antonio enters 'Choucair2021*' into where do write the password, Antonio clicks on button to confirm login]]
[Test worker] WARN net.thucydides.core.steps.BaseStepListener - stepFinished: current outcome:Search for a automation course:Given that Antonio wants to learn automation at the academy Choucair [Antonio open up [Antonio opens the Choucair academy page], Antonio login [Antonio clicks on button that shows the form to login, Antonio enters '1214714327' into where do write the user, Antonio enters 'Choucair2021*' into where do write the password, Antonio clicks on button to confirm login]]
[Test worker] WARN net.thucydides.core.steps.BaseStepListener - stepStarted: net.thucydides.core.steps.ExecutedStepDescription@2452a7a3
[Test worker] WARN net.thucydides.core.steps.BaseStepListener - stepStarted: net.thucydides.core.steps.ExecutedStepDescription@446b7937
[Test worker] WARN net.thucydides.core.steps.BaseStepListener - stepStarted: net.thucydides.core.steps.ExecutedStepDescription@7bdd087b
[Test worker] WARN net.thucydides.core.steps.BaseStepListener - stepFinished: current outcome:Search for a automation course:Given that Antonio wants to learn automation at the academy Choucair [Antonio open up [Antonio opens the Choucair academy page], Antonio login [Antonio clicks on button that shows the form to login, Antonio enters '1214714327' into where do write the user, Antonio enters 'Choucair2021*' into where do write the password, Antonio clicks on button to confirm login]], When he search for the course Recursos Automatizacion Bancolombia on the choucair academy platform [Antonio search [Antonio clicks on selecciona cursos y certificaciones]]
[Test worker] WARN net.thucydides.core.steps.BaseStepListener - stepStarted: net.thucydides.core.steps.ExecutedStepDescription@6fefe98e
[Test worker] WARN net.thucydides.core.steps.BaseStepListener - stepFinished: current outcome:Search for a automation course:Given that Antonio wants to learn automation at the academy Choucair [Antonio open up [Antonio opens the Choucair academy page], Antonio login [Antonio clicks on button that shows the form to login, Antonio enters '1214714327' into where do write the user, Antonio enters 'Choucair2021*' into where do write the password, Antonio clicks on button to confirm login]], When he search for the course Recursos Automatizacion Bancolombia on the choucair academy platform [Antonio search [Antonio clicks on selecciona cursos y certificaciones, Antonio enters 'Recursos Automatizacion Bancolombia' into Buscar el curso]]
[Test worker] WARN net.thucydides.core.steps.BaseStepListener - stepStarted: net.thucydides.core.steps.ExecutedStepDescription@4b2d5b8b
[Test worker] WARN net.thucydides.core.steps.BaseStepListener - stepFinished: current outcome:Search for a automation course:Given that Antonio wants to learn automation at the academy Choucair [Antonio open up [Antonio opens the Choucair academy page], Antonio login [Antonio clicks on button that shows the form to login, Antonio enters '1214714327' into where do write the user, Antonio enters 'Choucair2021*' into where do write the password, Antonio clicks on button to confirm login]], When he search for the course Recursos Automatizacion Bancolombia on the choucair academy platform [Antonio search [Antonio clicks on selecciona cursos y certificaciones, Antonio enters 'Recursos Automatizacion Bancolombia' into Buscar el curso, Antonio clicks on Da click para buscar el curso]]
[Test worker] WARN net.thucydides.core.steps.BaseStepListener - stepStarted: net.thucydides.core.steps.ExecutedStepDescription@232a8df4
[Test worker] WARN net.thucydides.core.steps.BaseStepListener - stepFinished: current outcome:Search for a automation course:Given that Antonio wants to learn automation at the academy Choucair [Antonio open up [Antonio opens the Choucair academy page], Antonio login [Antonio clicks on button that shows the form to login, Antonio enters '1214714327' into where do write the user, Antonio enters 'Choucair2021*' into where do write the password, Antonio clicks on button to confirm login]], When he search for the course Recursos Automatizacion Bancolombia on the choucair academy platform [Antonio search [Antonio clicks on selecciona cursos y certificaciones, Antonio enters 'Recursos Automatizacion Bancolombia' into Buscar el curso, Antonio clicks on Da click para buscar el curso, Antonio clicks on Da click para seleccionar el curso]]
[Test worker] WARN net.thucydides.core.steps.BaseStepListener - stepFinished: current outcome:Search for a automation course:Given that Antonio wants to learn automation at the academy Choucair [Antonio open up [Antonio opens the Choucair academy page], Antonio login [Antonio clicks on button that shows the form to login, Antonio enters '1214714327' into where do write the user, Antonio enters 'Choucair2021*' into where do write the password, Antonio clicks on button to confirm login]], When he search for the course Recursos Automatizacion Bancolombia on the choucair academy platform [Antonio search [Antonio clicks on selecciona cursos y certificaciones, Antonio enters 'Recursos Automatizacion Bancolombia' into Buscar el curso, Antonio clicks on Da click para buscar el curso, Antonio clicks on Da click para seleccionar el curso]]
[Test worker] WARN net.thucydides.core.steps.BaseStepListener - stepFinished: current outcome:Search for a automation course:Given that Antonio wants to learn automation at the academy Choucair [Antonio open up [Antonio opens the Choucair academy page], Antonio login [Antonio clicks on button that shows the form to login, Antonio enters '1214714327' into where do write the user, Antonio enters 'Choucair2021*' into where do write the password, Antonio clicks on button to confirm login]], When he search for the course Recursos Automatizacion Bancolombia on the choucair academy platform [Antonio search [Antonio clicks on selecciona cursos y certificaciones, Antonio enters 'Recursos Automatizacion Bancolombia' into Buscar el curso, Antonio clicks on Da click para buscar el curso, Antonio clicks on Da click para seleccionar el curso]]
[Test worker] WARN net.thucydides.core.steps.BaseStepListener - stepStarted: net.thucydides.core.steps.ExecutedStepDescription@a6bccea
[Test worker] WARN net.thucydides.core.steps.BaseStepListener - stepStarted: net.thucydides.core.steps.ExecutedStepDescription@60e2b17e
[Test worker] WARN net.thucydides.core.steps.BaseStepListener - testFinished: Search for a automation course:Given that Antonio wants to learn automation at the academy Choucair [Antonio open up [Antonio opens the Choucair academy page], Antonio login [Antonio clicks on button that shows the form to login, Antonio enters '1214714327' into where do write the user, Antonio enters 'Choucair2021*' into where do write the password, Antonio clicks on button to confirm login]], When he search for the course Recursos Automatizacion Bancolombia on the choucair academy platform [Antonio search [Antonio clicks on selecciona cursos y certificaciones, Antonio enters 'Recursos Automatizacion Bancolombia' into Buscar el curso, Antonio clicks on Da click para buscar el curso, Antonio clicks on Da click para seleccionar el curso]], Then he finds the course called resources Recursos Automatizacion Bancolombia [Then answer]
[Test worker] WARN net.thucydides.core.steps.BaseStepListener - TestOutcomes: [Search for a automation course:Given that Antonio wants to learn automation at the academy Choucair [Antonio open up [Antonio opens the Choucair academy page], Antonio login [Antonio clicks on button that shows the form to login, Antonio enters '1214714327' into where do write the user, Antonio enters 'Choucair2021*' into where do write the password, Antonio clicks on button to confirm login]], When he search for the course Recursos Automatizacion Bancolombia on the choucair academy platform [Antonio search [Antonio clicks on selecciona cursos y certificaciones, Antonio enters 'Recursos Automatizacion Bancolombia' into Buscar el curso, Antonio clicks on Da click para buscar el curso, Antonio clicks on Da click para seleccionar el curso]], Then he finds the course called resources Recursos Automatizacion Bancolombia [Then answer]]
[Test worker] WARN net.thucydides.core.steps.BaseStepListener - Final testOutcomes: [Search for a automation course:Given that Antonio wants to learn automation at the academy Choucair [Antonio open up [Antonio opens the Choucair academy page], Antonio login [Antonio clicks on button that shows the form to login, Antonio enters '1214714327' into where do write the user, Antonio enters 'Choucair2021*' into where do write the password, Antonio clicks on button to confirm login]], When he search for the course Recursos Automatizacion Bancolombia on the choucair academy platform [Antonio search [Antonio clicks on selecciona cursos y certificaciones, Antonio enters 'Recursos Automatizacion Bancolombia' into Buscar el curso, Antonio clicks on Da click para buscar el curso, Antonio clicks on Da click para seleccionar el curso]], Then he finds the course called resources Recursos Automatizacion Bancolombia [Then answer]]
[Test worker] ERROR net.thucydides.core.steps.ConsoleLoggingListener - 
           __  _____ _____ ____ _____   _____ _    ___ _     _____ ____  
  _       / / |_   _| ____/ ___|_   _| |  ___/ \  |_ _| |   | ____|  _ \ 
 (_)_____| |    | | |  _| \___ \ | |   | |_ / _ \  | || |   |  _| | | | |
  _|_____| |    | | | |___ ___) || |   |  _/ ___ \ | || |___| |___| |_| |
 (_)     | |    |_| |_____|____/ |_|   |_|/_/   \_\___|_____|_____|____/ 
          \_\                                                            

TEST FAILED: Search for a automation course
--------------------------------------------------------------------------
[Test worker] ERROR net.thucydides.core.steps.ConsoleLoggingListener - TEST FAILED AT STEP Then answer
[Test worker] ERROR net.thucydides.core.steps.ConsoleLoggingListener - Expected answerExpected: is <true> but: was <false>
]]></system-err>
</testsuite>
